#
# There is insufficient memory for the Java Runtime Environment to continue.
# Native memory allocation (mmap) failed to map 134217728 bytes for Failed to commit area from 0x0000000081600000 to 0x0000000089600000 of length 134217728.
# Possible reasons:
#   The system is out of physical RAM or swap space
#   The process is running with CompressedOops enabled, and the Java Heap may be blocking the growth of the native heap
# Possible solutions:
#   Reduce memory load on the system
#   Increase physical memory or swap space
#   Check if swap backing store is full
#   Decrease Java heap size (-Xmx/-Xms)
#   Decrease number of Java threads
#   Decrease Java thread stack sizes (-Xss)
#   Set larger code cache with -XX:ReservedCodeCacheSize=
# This output file may be truncated or incomplete.
#
#  Out of Memory Error (t:/workspace/open/src/hotspot/os/windows/os_windows.cpp:3269), pid=2068, tid=25652
#
# JRE version:  (11.0.2+9) (build )
# Java VM: Java HotSpot(TM) 64-Bit Server VM (11.0.2+9-LTS, mixed mode, aot, sharing, tiered, compressed oops, g1 gc, windows-amd64)
# No core dump will be written. Minidumps are not enabled by default on client versions of Windows
#

---------------  S U M M A R Y ------------

Command Line: -agentlib:jdwp=transport=dt_socket,suspend=y,address=localhost:53080 -javaagent:C:\Users\arjaw\eclipse\java-2018-12\eclipse\configuration\org.eclipse.osgi\221\0\.cp\lib\javaagent-shaded.jar -Dfile.encoding=Cp1252 project.Main

Host: Intel(R) Core(TM) i7-4650U CPU @ 1.70GHz, 4 cores, 7G,  Windows 10 , 64 bit Build 17134 (10.0.17134.706)
Time: Sat Apr 27 18:47:48 2019 Pakistan Standard Time elapsed time: 0 seconds (0d 0h 0m 0s)

---------------  T H R E A D  ---------------

Current thread (0x000002accf674800):  JavaThread "Unknown thread" [_thread_in_vm, id=25652, stack(0x000000c28d300000,0x000000c28d400000)]

Stack: [0x000000c28d300000,0x000000c28d400000]
Native frames: (J=compiled Java code, j=interpreted, Vv=VM code, C=native code)
V  [jvm.dll+0x63574a]
V  [jvm.dll+0x77326f]
V  [jvm.dll+0x77491a]
V  [jvm.dll+0x774fd3]
V  [jvm.dll+0x25e418]
V  [jvm.dll+0x632c0a]
V  [jvm.dll+0x627645]
V  [jvm.dll+0x314e7c]
V  [jvm.dll+0x314d02]
V  [jvm.dll+0x31a576]
V  [jvm.dll+0x36635f]
V  [jvm.dll+0x365d80]
V  [jvm.dll+0x2f19f8]
V  [jvm.dll+0x2f2b56]
V  [jvm.dll+0x74c817]
V  [jvm.dll+0x74df5f]
V  [jvm.dll+0x373179]
V  [jvm.dll+0x732eb9]
V  [jvm.dll+0x3e295d]
V  [jvm.dll+0x3e4c61]
C  [javaw.exe+0x3617]
C  [javaw.exe+0x17e2c]
C  [KERNEL32.DLL+0x14034]
C  [ntdll.dll+0x73691]


---------------  P R O C E S S  ---------------

Threads class SMR info:
_java_thread_list=0x000002accd4c3a80, length=0, elements={
}

Java Threads: ( => current thread )

Other Threads:
  0x000002accf68c000 GCTaskThread "GC Thread#0" [stack: 0x000000c28d400000,0x000000c28d500000] [id=19036]
  0x000002accf6bc800 ConcurrentGCThread "G1 Main Marker" [stack: 0x000000c28d500000,0x000000c28d600000] [id=21708]
  0x000002accf6c0000 ConcurrentGCThread "G1 Conc#0" [stack: 0x000000c28d600000,0x000000c28d700000] [id=28152]

[error occurred during error reporting (printing all threads), id 0xc0000005, EXCEPTION_ACCESS_VIOLATION (0xc0000005) at pc=0x00007ffd14510197]

VM state:not at safepoint (not fully initialized)

VM Mutex/Monitor currently owned by a thread:  ([mutex/lock_event])
[0x000002accf673ca0] Heap_lock - owner thread: 0x000002accf674800

Heap address: 0x0000000081600000, size: 2026 MB, Compressed Oops mode: Non-zero based: 0x0000000081600000
Narrow klass base: 0x0000000000000000, Narrow klass shift: 0

GC Heap History (0 events):
No events

Deoptimization events (0 events):
No events

Classes redefined (0 events):
No events

Internal exceptions (0 events):
No events

Events (0 events):
No events


Dynamic libraries:
0x00007ff6f4180000 - 0x00007ff6f41c7000 	C:\Program Files\Java\jdk-11.0.2\bin\javaw.exe
0x00007ffd4b050000 - 0x00007ffd4b231000 	C:\WINDOWS\SYSTEM32\ntdll.dll
0x00007ffd4aea0000 - 0x00007ffd4af51000 	C:\WINDOWS\System32\KERNEL32.DLL
0x00007ffd47f70000 - 0x00007ffd481e3000 	C:\WINDOWS\System32\KERNELBASE.dll
0x00007ffd4a340000 - 0x00007ffd4a3e1000 	C:\WINDOWS\System32\ADVAPI32.dll
0x00007ffd49e40000 - 0x00007ffd49ede000 	C:\WINDOWS\System32\msvcrt.dll
0x00007ffd4af60000 - 0x00007ffd4afbb000 	C:\WINDOWS\System32\sechost.dll
0x00007ffd4abe0000 - 0x00007ffd4ad04000 	C:\WINDOWS\System32\RPCRT4.dll
0x00007ffd485a0000 - 0x00007ffd48730000 	C:\WINDOWS\System32\USER32.dll
0x00007ffd47f50000 - 0x00007ffd47f70000 	C:\WINDOWS\System32\win32u.dll
0x00007ffd49db0000 - 0x00007ffd49dd8000 	C:\WINDOWS\System32\GDI32.dll
0x00007ffd481f0000 - 0x00007ffd48382000 	C:\WINDOWS\System32\gdi32full.dll
0x00007ffd48440000 - 0x00007ffd484df000 	C:\WINDOWS\System32\msvcp_win.dll
0x00007ffd47e50000 - 0x00007ffd47f48000 	C:\WINDOWS\System32\ucrtbase.dll
0x00007ffd36b40000 - 0x00007ffd36da9000 	C:\WINDOWS\WinSxS\amd64_microsoft.windows.common-controls_6595b64144ccf1df_6.0.17134.706_none_fb43a2cb30647007\COMCTL32.dll
0x00007ffd49f40000 - 0x00007ffd4a262000 	C:\WINDOWS\System32\combase.dll
0x00007ffd47670000 - 0x00007ffd476ea000 	C:\WINDOWS\System32\bcryptPrimitives.dll
0x00007ffd3d460000 - 0x00007ffd3d46a000 	C:\WINDOWS\SYSTEM32\VERSION.dll
0x00007ffd4aac0000 - 0x00007ffd4aaed000 	C:\WINDOWS\System32\IMM32.DLL
0x00007ffd42c90000 - 0x00007ffd42ca6000 	C:\Program Files\Java\jdk-11.0.2\bin\vcruntime140.dll
0x00007ffd2ea00000 - 0x00007ffd2eaaa000 	C:\Program Files\Java\jdk-11.0.2\bin\msvcp140.dll
0x00007ffd14210000 - 0x00007ffd14d37000 	C:\Program Files\Java\jdk-11.0.2\bin\server\jvm.dll
0x00007ffd4ae90000 - 0x00007ffd4ae98000 	C:\WINDOWS\System32\PSAPI.DLL
0x00007ffd398e0000 - 0x00007ffd398e9000 	C:\WINDOWS\SYSTEM32\WSOCK32.dll
0x00007ffd3a460000 - 0x00007ffd3a483000 	C:\WINDOWS\SYSTEM32\WINMM.dll
0x00007ffd4a3f0000 - 0x00007ffd4a45c000 	C:\WINDOWS\System32\WS2_32.dll
0x00007ffd3a400000 - 0x00007ffd3a42a000 	C:\WINDOWS\SYSTEM32\WINMMBASE.dll
0x00007ffd47e00000 - 0x00007ffd47e49000 	C:\WINDOWS\System32\cfgmgr32.dll
0x00007ffd47390000 - 0x00007ffd473a1000 	C:\WINDOWS\System32\kernel.appcore.dll
0x00007ffd34980000 - 0x00007ffd34991000 	C:\Program Files\Java\jdk-11.0.2\bin\verify.dll
0x00007ffd45ca0000 - 0x00007ffd45e69000 	C:\WINDOWS\SYSTEM32\DBGHELP.DLL
0x00007ffd40bc0000 - 0x00007ffd40be9000 	C:\WINDOWS\SYSTEM32\dbgcore.DLL
0x00007ffd277b0000 - 0x00007ffd277d9000 	C:\Program Files\Java\jdk-11.0.2\bin\java.dll
0x00007ffd39ab0000 - 0x00007ffd39ae7000 	C:\Program Files\Java\jdk-11.0.2\bin\jdwp.dll
0x00007ffd39070000 - 0x00007ffd3909f000 	C:\Program Files\Java\jdk-11.0.2\bin\instrument.dll
0x00007ffd2fd50000 - 0x00007ffd2fd66000 	C:\Program Files\Java\jdk-11.0.2\bin\zip.dll
0x00007ffd370a0000 - 0x00007ffd370aa000 	C:\Program Files\Java\jdk-11.0.2\bin\jimage.dll

dbghelp: loaded successfully - version: 4.0.5 - missing functions: none
symbol engine: initialized successfully - sym options: 0x614 - pdb path: .;C:\Program Files\Java\jdk-11.0.2\bin;C:\WINDOWS\SYSTEM32;C:\WINDOWS\WinSxS\amd64_microsoft.windows.common-controls_6595b64144ccf1df_6.0.17134.706_none_fb43a2cb30647007;C:\Program Files\Java\jdk-11.0.2\bin\server

VM Arguments:
jvm_args: -agentlib:jdwp=transport=dt_socket,suspend=y,address=localhost:53080 -javaagent:C:\Users\arjaw\eclipse\java-2018-12\eclipse\configuration\org.eclipse.osgi\221\0\.cp\lib\javaagent-shaded.jar -Dfile.encoding=Cp1252 
java_command: project.Main
java_class_path (initial): D:\NUST\Semester 2\CS212 Object Oriented Prgramming\Project\bin
Launcher Type: SUN_STANDARD

[Global flags]
     intx CICompilerCount                          = 3                                         {product} {ergonomic}
     uint ConcGCThreads                            = 1                                         {product} {ergonomic}
     uint G1ConcRefinementThreads                  = 4                                         {product} {ergonomic}
   size_t G1HeapRegionSize                         = 1048576                                   {product} {ergonomic}
    uintx GCDrainStackTargetSize                   = 64                                        {product} {ergonomic}
   size_t InitialHeapSize                          = 134217728                                 {product} {ergonomic}
   size_t MarkStackSize                            = 4194304                                   {product} {ergonomic}
   size_t MaxHeapSize                              = 2124414976                                {product} {ergonomic}
   size_t MinHeapDeltaBytes                        = 1048576                                   {product} {ergonomic}
    uintx NonNMethodCodeHeapSize                   = 5830092                                {pd product} {ergonomic}
    uintx NonProfiledCodeHeapSize                  = 122914074                              {pd product} {ergonomic}
    uintx ProfiledCodeHeapSize                     = 122914074                              {pd product} {ergonomic}
    uintx ReservedCodeCacheSize                    = 251658240                              {pd product} {ergonomic}
     bool SegmentedCodeCache                       = true                                      {product} {ergonomic}
     bool UseCompressedClassPointers               = true                                 {lp64_product} {ergonomic}
     bool UseCompressedOops                        = true                                 {lp64_product} {ergonomic}
     bool UseG1GC                                  = true                                      {product} {ergonomic}
     bool UseLargePagesIndividualAllocation        = false                                  {pd product} {ergonomic}

Logging:
Log output configuration:
 #0: stdout all=warning uptime,level,tags
 #1: stderr all=off uptime,level,tags

Environment Variables:
PATH=C:/Program Files/Java/jdk-11.0.2/bin/server;C:/Program Files/Java/jdk-11.0.2/bin;C:\Program Files\Microsoft MPI\Bin\;C:\WINDOWS\system32;C:\WINDOWS;C:\WINDOWS\System32\Wbem;C:\WINDOWS\System32\WindowsPowerShell\v1.0\;C:\Program Files\Common Files\EMC\;C:\Program Files\MicroStrategy\MicroStrategy Desktop\DataServices\180_77\64-bit\bin\server;C:\Program Files\dotnet\;C:\Program Files\Microsoft SQL Server\130\Tools\Binn\;C:\WINDOWS\System32\OpenSSH\;C:\Program Files\Git\cmd;C:\Program Files\Java\jdk-11.0.2\bin;C:\Users\arjaw\AppData\Local\Programs\Python\Python36-32\Scripts\;C:\Users\arjaw\AppData\Local\Programs\Python\Python36-32\;C:\Users\arjaw\AppData\Local\Microsoft\WindowsApps;;C:\WINDOWS\System32;
USERNAME=arjaw
OS=Windows_NT
PROCESSOR_IDENTIFIER=Intel64 Family 6 Model 69 Stepping 1, GenuineIntel



---------------  S Y S T E M  ---------------

OS: Windows 10 , 64 bit Build 17134 (10.0.17134.706)

CPU:total 4 (initial active 4) (2 cores per cpu, 2 threads per core) family 6 model 69 stepping 1, cmov, cx8, fxsr, mmx, sse, sse2, sse3, ssse3, sse4.1, sse4.2, popcnt, avx, avx2, aes, clmul, erms, lzcnt, ht, tsc, tscinvbit, bmi1, bmi2, fma

Memory: 4k page, system-wide physical 8097M (1301M free)
TotalPageFile size 27976M (AvailPageFile size 88M)
current process WorkingSet (physical memory assigned to process): 10M, peak: 10M
current process commit charge ("private bytes"): 51M, peak: 179M

vm_info: Java HotSpot(TM) 64-Bit Server VM (11.0.2+9-LTS) for windows-amd64 JRE (11.0.2+9-LTS), built on Jan 18 2019 05:24:10 by "mach5one" with MS VC++ 15.5 (VS2017)

END.
